<?xml version="1.0" encoding="UTF-8"?>
<robot generator="Robot 5.0.1 (Python 3.10.5 on win32)" generated="20230805 20:21:55.597" rpa="false" schemaversion="3">
<suite id="s1" name="TC 1" source="C:\Users\srikanth\Desktop\IT\Testing\Robot_framework\Test_cases\TC_1.robot">
<test id="s1-t1" name="Login test" line="9">
<kw name="Open Browser" library="SeleniumLibrary">
<arg>${url}</arg>
<arg>${browser}</arg>
<doc>Opens a new browser instance to the optional ``url``.</doc>
<msg timestamp="20230805 20:21:57.698" level="INFO">Opening browser 'chrome' to base url 'https://www.nopcommerce.com/en/login?returnUrl=%2Fen%2Fdemo'.</msg>
<msg timestamp="20230805 20:22:18.442" level="INFO">Cannot capture screenshot because no browser is open.</msg>
<msg timestamp="20230805 20:22:18.442" level="FAIL">SessionNotCreatedException: Message: session not created: This version of ChromeDriver only supports Chrome version 105
Current browser version is 115.0.5790.170 with binary path C:\Program Files\Google\Chrome\Application\chrome.exe
Stacktrace:
Backtrace:
	Ordinal0 [0x007FDF13+2219795]
	Ordinal0 [0x00792841+1779777]
	Ordinal0 [0x006A423D+803389]
	Ordinal0 [0x006C64AC+943276]
	Ordinal0 [0x006C19F0+924144]
	Ordinal0 [0x006BF179+913785]
	Ordinal0 [0x006F36B9+1128121]
	Ordinal0 [0x006F331A+1127194]
	Ordinal0 [0x006EE616+1107478]
	Ordinal0 [0x006C7F89+950153]
	Ordinal0 [0x006C8F56+954198]
	GetHandleVerifier [0x00AF2CB2+3040210]
	GetHandleVerifier [0x00AE2BB4+2974420]
	GetHandleVerifier [0x00896A0A+565546]
	GetHandleVerifier [0x00895680+560544]
	Ordinal0 [0x00799A5C+1808988]
	Ordinal0 [0x0079E3A8+1827752]
	Ordinal0 [0x0079E495+1827989]
	Ordinal0 [0x007A80A4+1867940]
	BaseThreadInitThunk [0x75B77D59+25]
	RtlInitializeExceptionChain [0x7787B79B+107]
	RtlClearBits [0x7787B71F+191]
</msg>
<status status="FAIL" starttime="20230805 20:21:57.698" endtime="20230805 20:22:18.989"/>
</kw>
<kw name="Maximize Browser Window" library="SeleniumLibrary">
<doc>Maximizes current browser window.</doc>
<status status="NOT RUN" starttime="20230805 20:22:18.989" endtime="20230805 20:22:18.989"/>
</kw>
<kw name="login_to_application">
<status status="NOT RUN" starttime="20230805 20:22:18.989" endtime="20230805 20:22:18.989"/>
</kw>
<kw name="Close Browser" library="SeleniumLibrary">
<doc>Closes the current browser.</doc>
<status status="NOT RUN" starttime="20230805 20:22:18.989" endtime="20230805 20:22:18.989"/>
</kw>
<status status="FAIL" starttime="20230805 20:21:57.698" endtime="20230805 20:22:18.989">SessionNotCreatedException: Message: session not created: This version of ChromeDriver only supports Chrome version 105
Current browser version is 115.0.5790.170 with binary path C:\Program Files\Google\Chrome\Application\chrome.exe
Stacktrace:
Backtrace:
	Ordinal0 [0x007FDF13+2219795]
	Ordinal0 [0x00792841+1779777]
	Ordinal0 [0x006A423D+803389]
	Ordinal0 [0x006C64AC+943276]
	Ordinal0 [0x006C19F0+924144]
	Ordinal0 [0x006BF179+913785]
	Ordinal0 [0x006F36B9+1128121]
	Ordinal0 [0x006F331A+1127194]
	Ordinal0 [0x006EE616+1107478]
	Ordinal0 [0x006C7F89+950153]
	Ordinal0 [0x006C8F56+954198]
	GetHandleVerifier [0x00AF2CB2+3040210]
	GetHandleVerifier [0x00AE2BB4+2974420]
	GetHandleVerifier [0x00896A0A+565546]
	GetHandleVerifier [0x00895680+560544]
	Ordinal0 [0x00799A5C+1808988]
	Ordinal0 [0x0079E3A8+1827752]
	Ordinal0 [0x0079E495+1827989]
	Ordinal0 [0x007A80A4+1867940]
	BaseThreadInitThunk [0x75B77D59+25]
	RtlInitializeExceptionChain [0x7787B79B+107]
	RtlClearBits [0x7787B71F+191]
</status>
</test>
<status status="FAIL" starttime="20230805 20:21:55.613" endtime="20230805 20:22:18.989"/>
</suite>
<statistics>
<total>
<stat pass="0" fail="1" skip="0">All Tests</stat>
</total>
<tag>
</tag>
<suite>
<stat pass="0" fail="1" skip="0" id="s1" name="TC 1">TC 1</stat>
</suite>
</statistics>
<errors>
</errors>
</robot>
